<?xml version="1.0" encoding="UTF-8"?>
<testng-results total="1" passed="1" failed="0" skipped="0">
  <reporter-output>
  </reporter-output>
  <suite started-at="2019-12-13T10:45:46Z" name="Default suite" finished-at="2019-12-13T10:45:55Z" duration-ms="8322">
    <groups>
    </groups>
    <test started-at="2019-12-13T10:45:46Z" name="Default test" finished-at="2019-12-13T10:45:55Z" duration-ms="8322">
      <class name="com.qa.testcases.updated.TripDetailsTest">
        <test-method is-config="true" signature="setUp()[pri:0, instance:com.qa.testcases.updated.TripDetailsTest@7586beff]" started-at="2019-12-13T02:45:46Z" name="setUp" finished-at="2019-12-13T02:45:49Z" duration-ms="3136" status="PASS">
          <reporter-output>
          </reporter-output>
        </test-method> <!-- setUp -->
        <test-method signature="verifyTripDetailsPage()[pri:0, instance:com.qa.testcases.updated.TripDetailsTest@7586beff]" started-at="2019-12-13T02:45:49Z" name="verifyTripDetailsPage" finished-at="2019-12-13T02:45:54Z" duration-ms="5023" status="PASS">
          <reporter-output>
          </reporter-output>
        </test-method> <!-- verifyTripDetailsPage -->
        <test-method is-config="true" signature="tearDown()[pri:0, instance:com.qa.testcases.updated.TripDetailsTest@7586beff]" started-at="2019-12-13T02:45:54Z" name="tearDown" finished-at="2019-12-13T02:45:55Z" duration-ms="152" status="PASS">
          <reporter-output>
          </reporter-output>
        </test-method> <!-- tearDown -->
      </class> <!-- com.qa.testcases.updated.TripDetailsTest -->
    </test> <!-- Default test -->
  </suite> <!-- Default suite -->
</testng-results>
